<?xml version="1.0" encoding="UTF-8"?>
<!-- Generated by org.testng.reporters.JUnitXMLReporter -->
<testsuite ignored="0" hostname="LAPTOP-2EK7F0DN" failures="0" tests="3" name="Default test" time="78.314" errors="0" timestamp="2026-01-25T13:14:31 IST">
  <testcase classname="TestCases.Test7" name="createAccount" time="17.529"/>
  <testcase classname="TestCases.Test7" name="filterProductAndAddToCart" time="40.367"/>
  <testcase classname="TestCases.Test7" name="placeOrder" time="18.966"/>
</testsuite> <!-- Default test -->
