<?xml version="1.0" encoding="UTF-8"?>
<!-- Generated by org.testng.reporters.JUnitXMLReporter -->
<testsuite ignored="0" hostname="LAPTOP-2EK7F0DN" failures="0" tests="3" name="Default test" time="24.196" errors="0" timestamp="2026-02-01T11:07:58 IST">
  <testcase classname="TestCases.Test8" name="login" time="17.685"/>
  <testcase classname="TestCases.Test8" name="placeOrder" time="4.067"/>
  <testcase classname="TestCases.Test8" name="deleteAccount" time="0.027"/>
</testsuite> <!-- Default test -->
