<?xml version="1.0" encoding="UTF-8"?>
<!-- Generated by org.testng.reporters.JUnitXMLReporter -->
<testsuite ignored="0" hostname="LAPTOP-2EK7F0DN" failures="0" tests="10" name="Test" time="84.258" errors="0" timestamp="2026-01-25T13:20:42 IST">
  <testcase classname="TestCases.Test1" name="Navigate" time="7.144"/>
  <testcase classname="TestCases.Test2" name="clickSignUp" time="5.728"/>
  <testcase classname="TestCases.Test3" name="clickSignUp" time="4.245"/>
  <testcase classname="TestCases.Test4" name="createAccount" time="11.523"/>
  <testcase classname="TestCases.Test5" name="filterProductAndAddToCart" time="7.593"/>
  <testcase classname="TestCases.Test6" name="createAccount" time="8.931"/>
  <testcase classname="TestCases.Test6" name="filterProductAndAddToCart" time="6.428"/>
  <testcase classname="TestCases.Test7" name="createAccount" time="10.927"/>
  <testcase classname="TestCases.Test7" name="filterProductAndAddToCart" time="5.958"/>
  <testcase classname="TestCases.Test7" name="placeOrder" time="9.384"/>
</testsuite> <!-- Test -->
