<?xml version="1.0" encoding="UTF-8"?>
<!-- Generated by org.testng.reporters.JUnitXMLReporter -->
<testsuite ignored="0" hostname="LAPTOP-2EK7F0DN" failures="0" tests="11" name="Test" time="56.797" errors="0" timestamp="2026-01-31T16:06:35 IST">
  <testcase classname="TestCases.Test1" name="Navigate" time="2.489"/>
  <testcase classname="TestCases.Test2" name="clickSignUp" time="4.286"/>
  <testcase classname="TestCases.Test3" name="clickSignUp" time="4.514"/>
  <testcase classname="TestCases.Test4" name="createAccount" time="6.241"/>
  <testcase classname="TestCases.Test5" name="login" time="5.614"/>
  <testcase classname="TestCases.Test6" name="filterProductAndAddToCart" time="6.861"/>
  <testcase classname="TestCases.Test7" name="login" time="5.137"/>
  <testcase classname="TestCases.Test7" name="filterProductAndAddToCart" time="3.046"/>
  <testcase classname="TestCases.Test8" name="login" time="5.59"/>
  <testcase classname="TestCases.Test8" name="placeOrder" time="5.161"/>
  <testcase classname="TestCases.Test8" name="deleteAccount" time="0.982"/>
</testsuite> <!-- Test -->
