<?xml version="1.0" encoding="UTF-8"?>
<!-- Generated by org.testng.reporters.JUnitXMLReporter -->
<testsuite ignored="0" hostname="LAPTOP-2EK7F0DN" failures="0" tests="11" name="Test" time="198.03" errors="0" timestamp="2026-02-01T11:11:57 IST">
  <testcase classname="TestCases.Test1" name="Navigate" time="4.762"/>
  <testcase classname="TestCases.Test2" name="clickSignUp" time="7.104"/>
  <testcase classname="TestCases.Test3" name="clickSignUp" time="6.357"/>
  <testcase classname="TestCases.Test4" name="createAccount" time="11.074"/>
  <testcase classname="TestCases.Test5" name="login" time="14.398"/>
  <testcase classname="TestCases.Test6" name="filterProductAndAddToCart" time="57.312"/>
  <testcase classname="TestCases.Test7" name="login" time="8.123"/>
  <testcase classname="TestCases.Test7" name="filterProductAndAddToCart" time="7.436"/>
  <testcase classname="TestCases.Test8" name="login" time="63.76"/>
  <testcase classname="TestCases.Test8" name="placeOrder" time="9.019"/>
  <testcase classname="TestCases.Test8" name="deleteAccount" time="1.311"/>
</testsuite> <!-- Test -->
