<?xml version="1.0" encoding="UTF-8"?>
<!-- Generated by org.testng.reporters.JUnitXMLReporter -->
<testsuite ignored="0" hostname="LAPTOP-2EK7F0DN" failures="0" tests="11" name="Test" time="57.743" errors="0" timestamp="2026-01-31T16:05:01 IST">
  <testcase classname="TestCases.Test1" name="Navigate" time="3.298"/>
  <testcase classname="TestCases.Test2" name="clickSignUp" time="3.058"/>
  <testcase classname="TestCases.Test3" name="clickSignUp" time="3.951"/>
  <testcase classname="TestCases.Test4" name="createAccount" time="4.606"/>
  <testcase classname="TestCases.Test5" name="login" time="5.901"/>
  <testcase classname="TestCases.Test6" name="filterProductAndAddToCart" time="5.199"/>
  <testcase classname="TestCases.Test7" name="login" time="6.493"/>
  <testcase classname="TestCases.Test7" name="filterProductAndAddToCart" time="3.618"/>
  <testcase classname="TestCases.Test8" name="login" time="7.901"/>
  <testcase classname="TestCases.Test8" name="placeOrder" time="3.726"/>
  <testcase classname="TestCases.Test8" name="deleteAccount" time="3.145"/>
</testsuite> <!-- Test -->
