<?xml version="1.0" encoding="UTF-8"?>
<testng-results ignored="0" total="11" passed="11" failed="0" skipped="0">
  <reporter-output>
    <line>
      <![CDATA[Testcase 1 Title Asssertion pass]]>
    </line>
    <line>
      <![CDATA[Testcase 2 Assertion passeed]]>
    </line>
    <line>
      <![CDATA[Test case 3 Create Account heading Assertion passed]]>
    </line>
    <line>
      <![CDATA[Test case 4 Account Assertion passed]]>
    </line>
    <line>
      <![CDATA[Test case 5 Login Assertion passed]]>
    </line>
    <line>
      <![CDATA[Test case 5: Product with price 1500 added to cart successfully.]]>
    </line>
    <line>
      <![CDATA[Test case 5 Login Assertion passed]]>
    </line>
    <line>
      <![CDATA[Test case 5: Product with price 1500 added to cart successfully.]]>
    </line>
    <line>
      <![CDATA[Test case 8.1 Login Assertion passed]]>
    </line>
    <line>
      <![CDATA[Test case 8.2: Order placed successfully and confirmation displayed.]]>
    </line>
    <line>
      <![CDATA[Test case 8.3: Account Deleted]]>
    </line>
  </reporter-output>
  <suite started-at="2026-02-01T11:08:39 IST" name="Suite" finished-at="2026-02-01T11:11:57 IST" duration-ms="198030">
    <groups>
    </groups>
    <test started-at="2026-02-01T11:08:39 IST" name="Test" finished-at="2026-02-01T11:11:57 IST" duration-ms="198030">
      <class name="TestCases.Test7">
        <test-method is-config="true" signature="openBrowser()[pri:0, instance:TestCases.Test7@5609159b]" started-at="2026-02-01T11:10:26 IST" name="openBrowser" finished-at="2026-02-01T11:10:26 IST" duration-ms="687" status="PASS">
          <reporter-output>
          </reporter-output>
        </test-method> <!-- openBrowser -->
        <test-method signature="login(java.lang.String,java.lang.String,java.lang.String,java.lang.String)[pri:1, instance:TestCases.Test7@5609159b]" started-at="2026-02-01T11:10:26 IST" name="login" data-provider="data5" finished-at="2026-02-01T11:10:35 IST" duration-ms="8123" status="PASS">
          <params>
            <param index="0">
              <value>
                <![CDATA[Automation Exercise]]>
              </value>
            </param>
            <param index="1">
              <value>
                <![CDATA[Suresh]]>
              </value>
            </param>
            <param index="2">
              <value>
                <![CDATA[suresh03@gmail.com]]>
              </value>
            </param>
            <param index="3">
              <value>
                <![CDATA[Test@123]]>
              </value>
            </param>
          </params>
          <reporter-output>
            <line>
              <![CDATA[Test case 5 Login Assertion passed]]>
            </line>
          </reporter-output>
        </test-method> <!-- login -->
        <test-method signature="filterProductAndAddToCart(java.lang.String,java.lang.String,java.lang.String,java.lang.String)[pri:2, instance:TestCases.Test7@5609159b]" started-at="2026-02-01T11:10:35 IST" name="filterProductAndAddToCart" data-provider="data6" finished-at="2026-02-01T11:10:42 IST" duration-ms="7436" status="PASS">
          <params>
            <param index="0">
              <value>
                <![CDATA[Automation Exercise]]>
              </value>
            </param>
            <param index="1">
              <value>
                <![CDATA[TSHIRTS]]>
              </value>
            </param>
            <param index="2">
              <value>
                <![CDATA[1500]]>
              </value>
            </param>
            <param index="3">
              <value>
                <![CDATA[Added]]>
              </value>
            </param>
          </params>
          <reporter-output>
            <line>
              <![CDATA[Test case 5: Product with price 1500 added to cart successfully.]]>
            </line>
          </reporter-output>
        </test-method> <!-- filterProductAndAddToCart -->
        <test-method is-config="true" signature="close()[pri:0, instance:TestCases.Test7@5609159b]" started-at="2026-02-01T11:10:42 IST" name="close" finished-at="2026-02-01T11:10:42 IST" duration-ms="126" status="PASS">
          <reporter-output>
          </reporter-output>
        </test-method> <!-- close -->
      </class> <!-- TestCases.Test7 -->
      <class name="TestCases.Test8">
        <test-method is-config="true" signature="openBrowser()[pri:0, instance:TestCases.Test8@2118cddf]" started-at="2026-02-01T11:10:42 IST" name="openBrowser" finished-at="2026-02-01T11:10:43 IST" duration-ms="622" status="PASS">
          <reporter-output>
          </reporter-output>
        </test-method> <!-- openBrowser -->
        <test-method signature="login(java.lang.String,java.lang.String,java.lang.String,java.lang.String)[pri:0, instance:TestCases.Test8@2118cddf]" started-at="2026-02-01T11:10:43 IST" name="login" data-provider="data5" finished-at="2026-02-01T11:11:47 IST" duration-ms="63760" status="PASS">
          <params>
            <param index="0">
              <value>
                <![CDATA[Automation Exercise]]>
              </value>
            </param>
            <param index="1">
              <value>
                <![CDATA[Suresh]]>
              </value>
            </param>
            <param index="2">
              <value>
                <![CDATA[suresh03@gmail.com]]>
              </value>
            </param>
            <param index="3">
              <value>
                <![CDATA[Test@123]]>
              </value>
            </param>
          </params>
          <reporter-output>
            <line>
              <![CDATA[Test case 8.1 Login Assertion passed]]>
            </line>
          </reporter-output>
        </test-method> <!-- login -->
        <test-method signature="placeOrder(java.lang.String,java.lang.String,java.lang.String,java.lang.String,java.lang.String,java.lang.String,java.lang.String)[pri:2, instance:TestCases.Test8@2118cddf]" started-at="2026-02-01T11:11:47 IST" name="placeOrder" data-provider="data7" finished-at="2026-02-01T11:11:56 IST" duration-ms="9019" status="PASS">
          <params>
            <param index="0">
              <value>
                <![CDATA[Automation Exercise]]>
              </value>
            </param>
            <param index="1">
              <value>
                <![CDATA[Suresh Kumar]]>
              </value>
            </param>
            <param index="2">
              <value>
                <![CDATA[1234567890123456]]>
              </value>
            </param>
            <param index="3">
              <value>
                <![CDATA[321]]>
              </value>
            </param>
            <param index="4">
              <value>
                <![CDATA[12]]>
              </value>
            </param>
            <param index="5">
              <value>
                <![CDATA[2028]]>
              </value>
            </param>
            <param index="6">
              <value>
                <![CDATA[Congratulations]]>
              </value>
            </param>
          </params>
          <reporter-output>
            <line>
              <![CDATA[Test case 8.2: Order placed successfully and confirmation displayed.]]>
            </line>
          </reporter-output>
        </test-method> <!-- placeOrder -->
        <test-method signature="deleteAccount(java.lang.String)[pri:3, instance:TestCases.Test8@2118cddf]" started-at="2026-02-01T11:11:56 IST" name="deleteAccount" data-provider="data8" finished-at="2026-02-01T11:11:57 IST" duration-ms="1311" status="PASS">
          <params>
            <param index="0">
              <value>
                <![CDATA[ACCOUNT DELETED!]]>
              </value>
            </param>
          </params>
          <reporter-output>
            <line>
              <![CDATA[Test case 8.3: Account Deleted]]>
            </line>
          </reporter-output>
        </test-method> <!-- deleteAccount -->
        <test-method is-config="true" signature="close()[pri:0, instance:TestCases.Test8@2118cddf]" started-at="2026-02-01T11:11:57 IST" name="close" finished-at="2026-02-01T11:11:57 IST" duration-ms="191" status="PASS">
          <reporter-output>
          </reporter-output>
        </test-method> <!-- close -->
      </class> <!-- TestCases.Test8 -->
      <class name="TestCases.Test1">
        <test-method is-config="true" signature="openBrowser()[pri:0, instance:TestCases.Test1@33c911a1]" started-at="2026-02-01T11:08:39 IST" name="openBrowser" finished-at="2026-02-01T11:08:41 IST" duration-ms="1465" status="PASS">
          <reporter-output>
          </reporter-output>
        </test-method> <!-- openBrowser -->
        <test-method signature="Navigate(java.lang.String,java.lang.String)[pri:0, instance:TestCases.Test1@33c911a1]" started-at="2026-02-01T11:08:41 IST" name="Navigate" data-provider="data1" finished-at="2026-02-01T11:08:45 IST" duration-ms="4762" status="PASS">
          <params>
            <param index="0">
              <value>
                <![CDATA[Automation Exercise]]>
              </value>
            </param>
            <param index="1">
              <value>
                <![CDATA[Exercise]]>
              </value>
            </param>
          </params>
          <reporter-output>
            <line>
              <![CDATA[Testcase 1 Title Asssertion pass]]>
            </line>
          </reporter-output>
        </test-method> <!-- Navigate -->
        <test-method is-config="true" signature="close()[pri:0, instance:TestCases.Test1@33c911a1]" started-at="2026-02-01T11:08:45 IST" name="close" finished-at="2026-02-01T11:08:45 IST" duration-ms="147" status="PASS">
          <reporter-output>
          </reporter-output>
        </test-method> <!-- close -->
      </class> <!-- TestCases.Test1 -->
      <class name="TestCases.Test2">
        <test-method is-config="true" signature="openBrowser()[pri:0, instance:TestCases.Test2@3098cf3b]" started-at="2026-02-01T11:08:45 IST" name="openBrowser" finished-at="2026-02-01T11:08:46 IST" duration-ms="744" status="PASS">
          <reporter-output>
          </reporter-output>
        </test-method> <!-- openBrowser -->
        <test-method signature="clickSignUp(java.lang.String,java.lang.String)[pri:0, instance:TestCases.Test2@3098cf3b]" started-at="2026-02-01T11:08:46 IST" name="clickSignUp" data-provider="data2" finished-at="2026-02-01T11:08:53 IST" duration-ms="7104" status="PASS">
          <params>
            <param index="0">
              <value>
                <![CDATA[Automation Exercise]]>
              </value>
            </param>
            <param index="1">
              <value>
                <![CDATA[New User Signup!]]>
              </value>
            </param>
          </params>
          <reporter-output>
            <line>
              <![CDATA[Testcase 2 Assertion passeed]]>
            </line>
          </reporter-output>
        </test-method> <!-- clickSignUp -->
        <test-method is-config="true" signature="close()[pri:0, instance:TestCases.Test2@3098cf3b]" started-at="2026-02-01T11:08:53 IST" name="close" finished-at="2026-02-01T11:08:53 IST" duration-ms="126" status="PASS">
          <reporter-output>
          </reporter-output>
        </test-method> <!-- close -->
      </class> <!-- TestCases.Test2 -->
      <class name="TestCases.Test3">
        <test-method is-config="true" signature="openBrowser()[pri:0, instance:TestCases.Test3@610f7aa]" started-at="2026-02-01T11:08:53 IST" name="openBrowser" finished-at="2026-02-01T11:08:54 IST" duration-ms="774" status="PASS">
          <reporter-output>
          </reporter-output>
        </test-method> <!-- openBrowser -->
        <test-method signature="clickSignUp(java.lang.String,java.lang.String,java.lang.String,java.lang.String)[pri:0, instance:TestCases.Test3@610f7aa]" started-at="2026-02-01T11:08:54 IST" name="clickSignUp" data-provider="data3" finished-at="2026-02-01T11:09:01 IST" duration-ms="6357" status="PASS">
          <params>
            <param index="0">
              <value>
                <![CDATA[Automation Exercise]]>
              </value>
            </param>
            <param index="1">
              <value>
                <![CDATA[ENTER ACCOUNT INFORMATION]]>
              </value>
            </param>
            <param index="2">
              <value>
                <![CDATA[Suresh]]>
              </value>
            </param>
            <param index="3">
              <value>
                <![CDATA[suresh0062@gmail.com]]>
              </value>
            </param>
          </params>
          <reporter-output>
            <line>
              <![CDATA[Test case 3 Create Account heading Assertion passed]]>
            </line>
          </reporter-output>
        </test-method> <!-- clickSignUp -->
        <test-method is-config="true" signature="close()[pri:0, instance:TestCases.Test3@610f7aa]" started-at="2026-02-01T11:09:01 IST" name="close" finished-at="2026-02-01T11:09:01 IST" duration-ms="112" status="PASS">
          <reporter-output>
          </reporter-output>
        </test-method> <!-- close -->
      </class> <!-- TestCases.Test3 -->
      <class name="TestCases.Test4">
        <test-method is-config="true" signature="openBrowser()[pri:0, instance:TestCases.Test4@6a03bcb1]" started-at="2026-02-01T11:09:01 IST" name="openBrowser" finished-at="2026-02-01T11:09:01 IST" duration-ms="654" status="PASS">
          <reporter-output>
          </reporter-output>
        </test-method> <!-- openBrowser -->
        <test-method signature="createAccount(java.lang.String,java.lang.String,java.lang.String,java.lang.String,java.lang.String,java.lang.String,java.lang.String,java.lang.String,java.lang.String,java.lang.String,java.lang.String,java.lang.String,java.lang.String,java.lang.String,java.lang.String,java.lang.String,java.lang.String,java.lang.String)[pri:0, instance:TestCases.Test4@6a03bcb1]" started-at="2026-02-01T11:09:01 IST" name="createAccount" data-provider="data4" finished-at="2026-02-01T11:09:12 IST" duration-ms="11074" status="PASS">
          <params>
            <param index="0">
              <value>
                <![CDATA[Automation Exercise]]>
              </value>
            </param>
            <param index="1">
              <value>
                <![CDATA[ACCOUNT CREATED!]]>
              </value>
            </param>
            <param index="2">
              <value>
                <![CDATA[Suresh]]>
              </value>
            </param>
            <param index="3">
              <value>
                <![CDATA[suresh03@gmail.com]]>
              </value>
            </param>
            <param index="4">
              <value>
                <![CDATA[Test@123]]>
              </value>
            </param>
            <param index="5">
              <value>
                <![CDATA[10]]>
              </value>
            </param>
            <param index="6">
              <value>
                <![CDATA[5]]>
              </value>
            </param>
            <param index="7">
              <value>
                <![CDATA[1990]]>
              </value>
            </param>
            <param index="8">
              <value>
                <![CDATA[Suresh]]>
              </value>
            </param>
            <param index="9">
              <value>
                <![CDATA[Kumar]]>
              </value>
            </param>
            <param index="10">
              <value>
                <![CDATA[MyCompany]]>
              </value>
            </param>
            <param index="11">
              <value>
                <![CDATA[123 Main Street]]>
              </value>
            </param>
            <param index="12">
              <value>
                <![CDATA[Building 2]]>
              </value>
            </param>
            <param index="13">
              <value>
                <![CDATA[India]]>
              </value>
            </param>
            <param index="14">
              <value>
                <![CDATA[Maharashtra]]>
              </value>
            </param>
            <param index="15">
              <value>
                <![CDATA[Mumbai]]>
              </value>
            </param>
            <param index="16">
              <value>
                <![CDATA[400001]]>
              </value>
            </param>
            <param index="17">
              <value>
                <![CDATA[9876543210]]>
              </value>
            </param>
          </params>
          <reporter-output>
            <line>
              <![CDATA[Test case 4 Account Assertion passed]]>
            </line>
          </reporter-output>
        </test-method> <!-- createAccount -->
        <test-method is-config="true" signature="close()[pri:0, instance:TestCases.Test4@6a03bcb1]" started-at="2026-02-01T11:09:12 IST" name="close" finished-at="2026-02-01T11:09:13 IST" duration-ms="110" status="PASS">
          <reporter-output>
          </reporter-output>
        </test-method> <!-- close -->
      </class> <!-- TestCases.Test4 -->
      <class name="TestCases.Test5">
        <test-method is-config="true" signature="openBrowser()[pri:0, instance:TestCases.Test5@21b2e768]" started-at="2026-02-01T11:09:13 IST" name="openBrowser" finished-at="2026-02-01T11:09:13 IST" duration-ms="635" status="PASS">
          <reporter-output>
          </reporter-output>
        </test-method> <!-- openBrowser -->
        <test-method signature="login(java.lang.String,java.lang.String,java.lang.String,java.lang.String)[pri:0, instance:TestCases.Test5@21b2e768]" started-at="2026-02-01T11:09:13 IST" name="login" data-provider="data5" finished-at="2026-02-01T11:09:28 IST" duration-ms="14398" status="PASS">
          <params>
            <param index="0">
              <value>
                <![CDATA[Automation Exercise]]>
              </value>
            </param>
            <param index="1">
              <value>
                <![CDATA[Suresh]]>
              </value>
            </param>
            <param index="2">
              <value>
                <![CDATA[suresh03@gmail.com]]>
              </value>
            </param>
            <param index="3">
              <value>
                <![CDATA[Test@123]]>
              </value>
            </param>
          </params>
          <reporter-output>
            <line>
              <![CDATA[Test case 5 Login Assertion passed]]>
            </line>
          </reporter-output>
        </test-method> <!-- login -->
        <test-method is-config="true" signature="close()[pri:0, instance:TestCases.Test5@21b2e768]" started-at="2026-02-01T11:09:28 IST" name="close" finished-at="2026-02-01T11:09:28 IST" duration-ms="122" status="PASS">
          <reporter-output>
          </reporter-output>
        </test-method> <!-- close -->
      </class> <!-- TestCases.Test5 -->
      <class name="TestCases.Test6">
        <test-method is-config="true" signature="openBrowser()[pri:0, instance:TestCases.Test6@57250572]" started-at="2026-02-01T11:09:28 IST" name="openBrowser" finished-at="2026-02-01T11:09:28 IST" duration-ms="646" status="PASS">
          <reporter-output>
          </reporter-output>
        </test-method> <!-- openBrowser -->
        <test-method signature="filterProductAndAddToCart(java.lang.String,java.lang.String,java.lang.String,java.lang.String)[pri:0, instance:TestCases.Test6@57250572]" started-at="2026-02-01T11:09:28 IST" name="filterProductAndAddToCart" data-provider="data5" finished-at="2026-02-01T11:10:26 IST" duration-ms="57312" status="PASS">
          <params>
            <param index="0">
              <value>
                <![CDATA[Automation Exercise]]>
              </value>
            </param>
            <param index="1">
              <value>
                <![CDATA[TSHIRTS]]>
              </value>
            </param>
            <param index="2">
              <value>
                <![CDATA[1500]]>
              </value>
            </param>
            <param index="3">
              <value>
                <![CDATA[Added]]>
              </value>
            </param>
          </params>
          <reporter-output>
            <line>
              <![CDATA[Test case 5: Product with price 1500 added to cart successfully.]]>
            </line>
          </reporter-output>
        </test-method> <!-- filterProductAndAddToCart -->
        <test-method is-config="true" signature="close()[pri:0, instance:TestCases.Test6@57250572]" started-at="2026-02-01T11:10:26 IST" name="close" finished-at="2026-02-01T11:10:26 IST" duration-ms="151" status="PASS">
          <reporter-output>
          </reporter-output>
        </test-method> <!-- close -->
      </class> <!-- TestCases.Test6 -->
    </test> <!-- Test -->
  </suite> <!-- Suite -->
</testng-results>
