<?xml version="1.0" encoding="UTF-8"?>
<testng-results ignored="0" total="11" passed="11" failed="0" skipped="0">
  <reporter-output>
    <line>
      <![CDATA[Testcase 1 Title Asssertion pass]]>
    </line>
    <line>
      <![CDATA[Testcase 2 Assertion passeed]]>
    </line>
    <line>
      <![CDATA[Test case 3 Create Account heading Assertion passed]]>
    </line>
    <line>
      <![CDATA[Test case 5: Product with price 1500 added to cart successfully.]]>
    </line>
    <line>
      <![CDATA[Test case 5: Product with price 1500 added to cart successfully.]]>
    </line>
  </reporter-output>
  <suite started-at="2026-01-31T16:04:03 IST" name="Suite" finished-at="2026-01-31T16:05:01 IST" duration-ms="57743">
    <groups>
    </groups>
    <test started-at="2026-01-31T16:04:03 IST" name="Test" finished-at="2026-01-31T16:05:01 IST" duration-ms="57743">
      <class name="TestCases.Test7">
        <test-method is-config="true" signature="openBrowser()[pri:0, instance:TestCases.Test7@5609159b]" started-at="2026-01-31T16:04:34 IST" name="openBrowser" finished-at="2026-01-31T16:04:35 IST" duration-ms="673" status="PASS">
          <reporter-output>
          </reporter-output>
        </test-method> <!-- openBrowser -->
        <test-method signature="login(java.lang.String,java.lang.String,java.lang.String,java.lang.String)[pri:1, instance:TestCases.Test7@5609159b]" started-at="2026-01-31T16:04:35 IST" name="login" data-provider="data5" finished-at="2026-01-31T16:04:41 IST" duration-ms="6493" status="PASS">
          <params>
            <param index="0">
              <value>
                <![CDATA[Automation Exercise]]>
              </value>
            </param>
            <param index="1">
              <value>
                <![CDATA[Suresh]]>
              </value>
            </param>
            <param index="2">
              <value>
                <![CDATA[suresh03@gmail.com]]>
              </value>
            </param>
            <param index="3">
              <value>
                <![CDATA[Test@123]]>
              </value>
            </param>
          </params>
          <reporter-output>
          </reporter-output>
        </test-method> <!-- login -->
        <test-method signature="filterProductAndAddToCart(java.lang.String,java.lang.String,java.lang.String,java.lang.String)[pri:2, instance:TestCases.Test7@5609159b]" started-at="2026-01-31T16:04:41 IST" name="filterProductAndAddToCart" data-provider="data6" finished-at="2026-01-31T16:04:45 IST" duration-ms="3618" status="PASS">
          <params>
            <param index="0">
              <value>
                <![CDATA[Automation Exercise]]>
              </value>
            </param>
            <param index="1">
              <value>
                <![CDATA[TSHIRTS]]>
              </value>
            </param>
            <param index="2">
              <value>
                <![CDATA[1500]]>
              </value>
            </param>
            <param index="3">
              <value>
                <![CDATA[Added]]>
              </value>
            </param>
          </params>
          <reporter-output>
            <line>
              <![CDATA[Test case 5: Product with price 1500 added to cart successfully.]]>
            </line>
          </reporter-output>
        </test-method> <!-- filterProductAndAddToCart -->
        <test-method is-config="true" signature="close()[pri:0, instance:TestCases.Test7@5609159b]" started-at="2026-01-31T16:04:45 IST" name="close" finished-at="2026-01-31T16:04:45 IST" duration-ms="113" status="PASS">
          <reporter-output>
          </reporter-output>
        </test-method> <!-- close -->
      </class> <!-- TestCases.Test7 -->
      <class name="TestCases.Test8">
        <test-method is-config="true" signature="openBrowser()[pri:0, instance:TestCases.Test8@2118cddf]" started-at="2026-01-31T16:04:45 IST" name="openBrowser" finished-at="2026-01-31T16:04:46 IST" duration-ms="751" status="PASS">
          <reporter-output>
          </reporter-output>
        </test-method> <!-- openBrowser -->
        <test-method signature="login(java.lang.String,java.lang.String,java.lang.String,java.lang.String)[pri:0, instance:TestCases.Test8@2118cddf]" started-at="2026-01-31T16:04:46 IST" name="login" data-provider="data5" finished-at="2026-01-31T16:04:54 IST" duration-ms="7901" status="PASS">
          <params>
            <param index="0">
              <value>
                <![CDATA[Automation Exercise]]>
              </value>
            </param>
            <param index="1">
              <value>
                <![CDATA[Suresh]]>
              </value>
            </param>
            <param index="2">
              <value>
                <![CDATA[suresh03@gmail.com]]>
              </value>
            </param>
            <param index="3">
              <value>
                <![CDATA[Test@123]]>
              </value>
            </param>
          </params>
          <reporter-output>
          </reporter-output>
        </test-method> <!-- login -->
        <test-method signature="placeOrder(java.lang.String,java.lang.String,java.lang.String,java.lang.String,java.lang.String,java.lang.String,java.lang.String)[pri:2, instance:TestCases.Test8@2118cddf]" started-at="2026-01-31T16:04:54 IST" name="placeOrder" data-provider="data7" finished-at="2026-01-31T16:04:58 IST" duration-ms="3726" status="PASS">
          <params>
            <param index="0">
              <value>
                <![CDATA[Automation Exercise]]>
              </value>
            </param>
            <param index="1">
              <value>
                <![CDATA[Suresh Kumar]]>
              </value>
            </param>
            <param index="2">
              <value>
                <![CDATA[1234567890123456]]>
              </value>
            </param>
            <param index="3">
              <value>
                <![CDATA[321]]>
              </value>
            </param>
            <param index="4">
              <value>
                <![CDATA[12]]>
              </value>
            </param>
            <param index="5">
              <value>
                <![CDATA[2028]]>
              </value>
            </param>
            <param index="6">
              <value>
                <![CDATA[Congratulations]]>
              </value>
            </param>
          </params>
          <reporter-output>
          </reporter-output>
        </test-method> <!-- placeOrder -->
        <test-method signature="deleteAccount(java.lang.String)[pri:3, instance:TestCases.Test8@2118cddf]" started-at="2026-01-31T16:04:58 IST" name="deleteAccount" data-provider="data8" finished-at="2026-01-31T16:05:01 IST" duration-ms="3145" status="PASS">
          <params>
            <param index="0">
              <value>
                <![CDATA[ACCOUNT DELETED!]]>
              </value>
            </param>
          </params>
          <reporter-output>
          </reporter-output>
        </test-method> <!-- deleteAccount -->
        <test-method is-config="true" signature="close()[pri:0, instance:TestCases.Test8@2118cddf]" started-at="2026-01-31T16:05:01 IST" name="close" finished-at="2026-01-31T16:05:01 IST" duration-ms="133" status="PASS">
          <reporter-output>
          </reporter-output>
        </test-method> <!-- close -->
      </class> <!-- TestCases.Test8 -->
      <class name="TestCases.Test1">
        <test-method is-config="true" signature="openBrowser()[pri:0, instance:TestCases.Test1@33c911a1]" started-at="2026-01-31T16:04:03 IST" name="openBrowser" finished-at="2026-01-31T16:04:04 IST" duration-ms="1086" status="PASS">
          <reporter-output>
          </reporter-output>
        </test-method> <!-- openBrowser -->
        <test-method signature="Navigate(java.lang.String,java.lang.String)[pri:0, instance:TestCases.Test1@33c911a1]" started-at="2026-01-31T16:04:04 IST" name="Navigate" data-provider="data1" finished-at="2026-01-31T16:04:08 IST" duration-ms="3298" status="PASS">
          <params>
            <param index="0">
              <value>
                <![CDATA[Automation Exercise]]>
              </value>
            </param>
            <param index="1">
              <value>
                <![CDATA[Exercise]]>
              </value>
            </param>
          </params>
          <reporter-output>
            <line>
              <![CDATA[Testcase 1 Title Asssertion pass]]>
            </line>
          </reporter-output>
        </test-method> <!-- Navigate -->
        <test-method is-config="true" signature="close()[pri:0, instance:TestCases.Test1@33c911a1]" started-at="2026-01-31T16:04:08 IST" name="close" finished-at="2026-01-31T16:04:08 IST" duration-ms="112" status="PASS">
          <reporter-output>
          </reporter-output>
        </test-method> <!-- close -->
      </class> <!-- TestCases.Test1 -->
      <class name="TestCases.Test2">
        <test-method is-config="true" signature="openBrowser()[pri:0, instance:TestCases.Test2@3098cf3b]" started-at="2026-01-31T16:04:08 IST" name="openBrowser" finished-at="2026-01-31T16:04:08 IST" duration-ms="624" status="PASS">
          <reporter-output>
          </reporter-output>
        </test-method> <!-- openBrowser -->
        <test-method signature="clickSignUp(java.lang.String,java.lang.String)[pri:0, instance:TestCases.Test2@3098cf3b]" started-at="2026-01-31T16:04:08 IST" name="clickSignUp" data-provider="data2" finished-at="2026-01-31T16:04:11 IST" duration-ms="3058" status="PASS">
          <params>
            <param index="0">
              <value>
                <![CDATA[Automation Exercise]]>
              </value>
            </param>
            <param index="1">
              <value>
                <![CDATA[New User Signup!]]>
              </value>
            </param>
          </params>
          <reporter-output>
            <line>
              <![CDATA[Testcase 2 Assertion passeed]]>
            </line>
          </reporter-output>
        </test-method> <!-- clickSignUp -->
        <test-method is-config="true" signature="close()[pri:0, instance:TestCases.Test2@3098cf3b]" started-at="2026-01-31T16:04:11 IST" name="close" finished-at="2026-01-31T16:04:11 IST" duration-ms="109" status="PASS">
          <reporter-output>
          </reporter-output>
        </test-method> <!-- close -->
      </class> <!-- TestCases.Test2 -->
      <class name="TestCases.Test3">
        <test-method is-config="true" signature="openBrowser()[pri:0, instance:TestCases.Test3@610f7aa]" started-at="2026-01-31T16:04:11 IST" name="openBrowser" finished-at="2026-01-31T16:04:12 IST" duration-ms="670" status="PASS">
          <reporter-output>
          </reporter-output>
        </test-method> <!-- openBrowser -->
        <test-method signature="clickSignUp(java.lang.String,java.lang.String,java.lang.String,java.lang.String)[pri:0, instance:TestCases.Test3@610f7aa]" started-at="2026-01-31T16:04:12 IST" name="clickSignUp" data-provider="data3" finished-at="2026-01-31T16:04:16 IST" duration-ms="3951" status="PASS">
          <params>
            <param index="0">
              <value>
                <![CDATA[Automation Exercise]]>
              </value>
            </param>
            <param index="1">
              <value>
                <![CDATA[ENTER ACCOUNT INFORMATION]]>
              </value>
            </param>
            <param index="2">
              <value>
                <![CDATA[Suresh]]>
              </value>
            </param>
            <param index="3">
              <value>
                <![CDATA[suresh0062@gmail.com]]>
              </value>
            </param>
          </params>
          <reporter-output>
            <line>
              <![CDATA[Test case 3 Create Account heading Assertion passed]]>
            </line>
          </reporter-output>
        </test-method> <!-- clickSignUp -->
        <test-method is-config="true" signature="close()[pri:0, instance:TestCases.Test3@610f7aa]" started-at="2026-01-31T16:04:16 IST" name="close" finished-at="2026-01-31T16:04:16 IST" duration-ms="109" status="PASS">
          <reporter-output>
          </reporter-output>
        </test-method> <!-- close -->
      </class> <!-- TestCases.Test3 -->
      <class name="TestCases.Test4">
        <test-method is-config="true" signature="openBrowser()[pri:0, instance:TestCases.Test4@6a03bcb1]" started-at="2026-01-31T16:04:16 IST" name="openBrowser" finished-at="2026-01-31T16:04:17 IST" duration-ms="631" status="PASS">
          <reporter-output>
          </reporter-output>
        </test-method> <!-- openBrowser -->
        <test-method signature="createAccount(java.lang.String,java.lang.String,java.lang.String,java.lang.String,java.lang.String,java.lang.String,java.lang.String,java.lang.String,java.lang.String,java.lang.String,java.lang.String,java.lang.String,java.lang.String,java.lang.String,java.lang.String,java.lang.String,java.lang.String,java.lang.String)[pri:0, instance:TestCases.Test4@6a03bcb1]" started-at="2026-01-31T16:04:17 IST" name="createAccount" data-provider="data4" finished-at="2026-01-31T16:04:21 IST" duration-ms="4606" status="PASS">
          <params>
            <param index="0">
              <value>
                <![CDATA[Automation Exercise]]>
              </value>
            </param>
            <param index="1">
              <value>
                <![CDATA[ACCOUNT CREATED!]]>
              </value>
            </param>
            <param index="2">
              <value>
                <![CDATA[Suresh]]>
              </value>
            </param>
            <param index="3">
              <value>
                <![CDATA[suresh03@gmail.com]]>
              </value>
            </param>
            <param index="4">
              <value>
                <![CDATA[Test@123]]>
              </value>
            </param>
            <param index="5">
              <value>
                <![CDATA[10]]>
              </value>
            </param>
            <param index="6">
              <value>
                <![CDATA[5]]>
              </value>
            </param>
            <param index="7">
              <value>
                <![CDATA[1990]]>
              </value>
            </param>
            <param index="8">
              <value>
                <![CDATA[Suresh]]>
              </value>
            </param>
            <param index="9">
              <value>
                <![CDATA[Kumar]]>
              </value>
            </param>
            <param index="10">
              <value>
                <![CDATA[MyCompany]]>
              </value>
            </param>
            <param index="11">
              <value>
                <![CDATA[123 Main Street]]>
              </value>
            </param>
            <param index="12">
              <value>
                <![CDATA[Building 2]]>
              </value>
            </param>
            <param index="13">
              <value>
                <![CDATA[India]]>
              </value>
            </param>
            <param index="14">
              <value>
                <![CDATA[Maharashtra]]>
              </value>
            </param>
            <param index="15">
              <value>
                <![CDATA[Mumbai]]>
              </value>
            </param>
            <param index="16">
              <value>
                <![CDATA[400001]]>
              </value>
            </param>
            <param index="17">
              <value>
                <![CDATA[9876543210]]>
              </value>
            </param>
          </params>
          <reporter-output>
          </reporter-output>
        </test-method> <!-- createAccount -->
        <test-method is-config="true" signature="close()[pri:0, instance:TestCases.Test4@6a03bcb1]" started-at="2026-01-31T16:04:21 IST" name="close" finished-at="2026-01-31T16:04:22 IST" duration-ms="120" status="PASS">
          <reporter-output>
          </reporter-output>
        </test-method> <!-- close -->
      </class> <!-- TestCases.Test4 -->
      <class name="TestCases.Test5">
        <test-method is-config="true" signature="openBrowser()[pri:0, instance:TestCases.Test5@21b2e768]" started-at="2026-01-31T16:04:22 IST" name="openBrowser" finished-at="2026-01-31T16:04:22 IST" duration-ms="754" status="PASS">
          <reporter-output>
          </reporter-output>
        </test-method> <!-- openBrowser -->
        <test-method signature="login(java.lang.String,java.lang.String,java.lang.String,java.lang.String)[pri:0, instance:TestCases.Test5@21b2e768]" started-at="2026-01-31T16:04:22 IST" name="login" data-provider="data5" finished-at="2026-01-31T16:04:28 IST" duration-ms="5901" status="PASS">
          <params>
            <param index="0">
              <value>
                <![CDATA[Automation Exercise]]>
              </value>
            </param>
            <param index="1">
              <value>
                <![CDATA[Suresh]]>
              </value>
            </param>
            <param index="2">
              <value>
                <![CDATA[suresh03@gmail.com]]>
              </value>
            </param>
            <param index="3">
              <value>
                <![CDATA[Test@123]]>
              </value>
            </param>
          </params>
          <reporter-output>
          </reporter-output>
        </test-method> <!-- login -->
        <test-method is-config="true" signature="close()[pri:0, instance:TestCases.Test5@21b2e768]" started-at="2026-01-31T16:04:28 IST" name="close" finished-at="2026-01-31T16:04:28 IST" duration-ms="123" status="PASS">
          <reporter-output>
          </reporter-output>
        </test-method> <!-- close -->
      </class> <!-- TestCases.Test5 -->
      <class name="TestCases.Test6">
        <test-method is-config="true" signature="openBrowser()[pri:0, instance:TestCases.Test6@57250572]" started-at="2026-01-31T16:04:28 IST" name="openBrowser" finished-at="2026-01-31T16:04:29 IST" duration-ms="668" status="PASS">
          <reporter-output>
          </reporter-output>
        </test-method> <!-- openBrowser -->
        <test-method signature="filterProductAndAddToCart(java.lang.String,java.lang.String,java.lang.String,java.lang.String)[pri:0, instance:TestCases.Test6@57250572]" started-at="2026-01-31T16:04:29 IST" name="filterProductAndAddToCart" data-provider="data5" finished-at="2026-01-31T16:04:34 IST" duration-ms="5199" status="PASS">
          <params>
            <param index="0">
              <value>
                <![CDATA[Automation Exercise]]>
              </value>
            </param>
            <param index="1">
              <value>
                <![CDATA[TSHIRTS]]>
              </value>
            </param>
            <param index="2">
              <value>
                <![CDATA[1500]]>
              </value>
            </param>
            <param index="3">
              <value>
                <![CDATA[Added]]>
              </value>
            </param>
          </params>
          <reporter-output>
            <line>
              <![CDATA[Test case 5: Product with price 1500 added to cart successfully.]]>
            </line>
          </reporter-output>
        </test-method> <!-- filterProductAndAddToCart -->
        <test-method is-config="true" signature="close()[pri:0, instance:TestCases.Test6@57250572]" started-at="2026-01-31T16:04:34 IST" name="close" finished-at="2026-01-31T16:04:34 IST" duration-ms="124" status="PASS">
          <reporter-output>
          </reporter-output>
        </test-method> <!-- close -->
      </class> <!-- TestCases.Test6 -->
    </test> <!-- Test -->
  </suite> <!-- Suite -->
</testng-results>
