<?xml version="1.0" encoding="UTF-8"?>
<testsuite xmlns:xsi="http://www.w3.org/2001/XMLSchema-instance" xsi:noNamespaceSchemaLocation="https://maven.apache.org/surefire/maven-surefire-plugin/xsd/surefire-test-report-3.0.xsd" version="3.0" name="TestSuite" time="58.409" tests="11" errors="0" skipped="0" failures="0">
  <properties>
[...]
</properties>
  <testcase name="Navigate[Automation Exercise, Exercise](1)" classname="TestCases.Test1" time="3.3">
    <system-err><![CDATA[SLF4J: Failed to load class "org.slf4j.impl.StaticLoggerBinder".
SLF4J: Defaulting to no-operation (NOP) logger implementation
SLF4J: See http://www.slf4j.org/codes.html#StaticLoggerBinder for further details.
]]></system-err>
  </testcase>
  <testcase name="clickSignUp[Automation Exercise, New User Signup!](1)" classname="TestCases.Test2" time="3.058"/>
  <testcase name="clickSignUp[Automation Exercise, ENTER ACCOUNT INFORMATION, Suresh, suresh0062@gmail.com](1)" classname="TestCases.Test3" time="3.952"/>
  <testcase name="createAccount[Automation Exercise, ACCOUNT CREATED!, Suresh, suresh03@gmail.com, Test@123, 10, 5, 1990, Suresh, Kumar, MyCompany, 123 Main Street, Building 2, India, Maharashtra, Mumbai, 400001, 9876543210](1)" classname="TestCases.Test4" time="4.607">
    <system-out><![CDATA[Test 4 failedorg.openqa.selenium.NoSuchElementException: no such element: Unable to locate element: {"method":"xpath","selector":"//input[@id='id_gender1']"}
  (Session info: chrome=144.0.7559.110)
For documentation on this error, please visit: https://www.selenium.dev/documentation/webdriver/troubleshooting/errors#nosuchelementexception
Build info: version: '4.40.0', revision: 'b3333f1'
System info: os.name: 'Windows 10', os.arch: 'amd64', os.version: '10.0', java.version: '21.0.9'
Driver info: org.openqa.selenium.chrome.ChromeDriver
Command: [eb2e5d5ed4526934350cbb438b813eb7, findElement {value=//input[@id='id_gender1'], using=xpath}]
Capabilities {acceptInsecureCerts: false, browserName: chrome, browserVersion: 144.0.7559.110, chrome: {chromedriverVersion: 144.0.7559.109 (6a8d5e49388..., userDataDir: C:\Users\asus\AppData\Local...}, fedcm:accounts: true, goog:chromeOptions: {debuggerAddress: localhost:52236}, goog:processID: 20848, networkConnectionEnabled: false, pageLoadStrategy: normal, platformName: windows, proxy: Proxy(), se:cdp: ws://localhost:52236/devtoo..., se:cdpVersion: 144.0.7559.110, setWindowRect: true, strictFileInteractability: false, timeouts: {implicit: 0, pageLoad: 300000, script: 30000}, unhandledPromptBehavior: dismiss and notify, webauthn:extension:credBlob: true, webauthn:extension:largeBlob: true, webauthn:extension:minPinLength: true, webauthn:extension:prf: true, webauthn:virtualAuthenticators: true}
Session ID: eb2e5d5ed4526934350cbb438b813eb7
]]></system-out>
  </testcase>
  <testcase name="login[Automation Exercise, Suresh, suresh03@gmail.com, Test@123](1)" classname="TestCases.Test5" time="5.902">
    <system-out><![CDATA[Test 5 failedorg.openqa.selenium.TimeoutException: Expected condition failed: waiting for visibility of Proxy element for: DefaultElementLocator 'By.xpath: //*[@id="header"]/div/div/div/div[2]/div/ul/li[10]/a/b'
(tried for 3 seconds with 500 milliseconds interval)
]]></system-out>
  </testcase>
  <testcase name="filterProductAndAddToCart[Automation Exercise, TSHIRTS, 1500, Added](1)" classname="TestCases.Test6" time="5.198"/>
  <testcase name="login[Automation Exercise, Suresh, suresh03@gmail.com, Test@123](1)" classname="TestCases.Test7" time="6.494">
    <system-out><![CDATA[Test 5 failedorg.openqa.selenium.TimeoutException: Expected condition failed: waiting for visibility of Proxy element for: DefaultElementLocator 'By.xpath: //*[@id="header"]/div/div/div/div[2]/div/ul/li[10]/a/b'
(tried for 3 seconds with 500 milliseconds interval)
]]></system-out>
  </testcase>
  <testcase name="filterProductAndAddToCart[Automation Exercise, TSHIRTS, 1500, Added](1)" classname="TestCases.Test7" time="3.619"/>
  <testcase name="login[Automation Exercise, Suresh, suresh03@gmail.com, Test@123](1)" classname="TestCases.Test8" time="7.902">
    <system-out><![CDATA[Test 8.1 failedorg.openqa.selenium.TimeoutException: Expected condition failed: waiting for visibility of Proxy element for: DefaultElementLocator 'By.xpath: //*[@id="header"]/div/div/div/div[2]/div/ul/li[10]/a/b'
(tried for 3 seconds with 500 milliseconds interval)
]]></system-out>
  </testcase>
  <testcase name="placeOrder[Automation Exercise, Suresh Kumar, 1234567890123456, 321, 12, 2028, Congratulations](1)" classname="TestCases.Test8" time="3.727">
    <system-out><![CDATA[Test 8.2 failedorg.openqa.selenium.TimeoutException: Expected condition failed: waiting for element to be clickable, but the element was not found: org.openqa.selenium.NoSuchElementException: no such element: Unable to locate element: {"method":"xpath","selector":"//a[normalize-space()='Proceed To Checkout']"}.
(tried for 3 seconds with 500 milliseconds interval)
Build info: version: '4.40.0', revision: 'b3333f1'
System info: os.name: 'Windows 10', os.arch: 'amd64', os.version: '10.0', java.version: '21.0.9'
Driver info: org.openqa.selenium.chrome.ChromeDriver
Capabilities {acceptInsecureCerts: false, browserName: chrome, browserVersion: 144.0.7559.110, chrome: {chromedriverVersion: 144.0.7559.109 (6a8d5e49388..., userDataDir: C:\Users\asus\AppData\Local...}, fedcm:accounts: true, goog:chromeOptions: {debuggerAddress: localhost:52361}, goog:processID: 3292, networkConnectionEnabled: false, pageLoadStrategy: normal, platformName: windows, proxy: Proxy(), se:cdp: ws://localhost:52361/devtoo..., se:cdpVersion: 144.0.7559.110, setWindowRect: true, strictFileInteractability: false, timeouts: {implicit: 0, pageLoad: 300000, script: 30000}, unhandledPromptBehavior: dismiss and notify, webauthn:extension:credBlob: true, webauthn:extension:largeBlob: true, webauthn:extension:minPinLength: true, webauthn:extension:prf: true, webauthn:virtualAuthenticators: true}
Session ID: de18b9ae7b9eb2307c502dca98aa3442
]]></system-out>
  </testcase>
  <testcase name="deleteAccount[ACCOUNT DELETED!](1)" classname="TestCases.Test8" time="3.145">
    <system-out><![CDATA[Test 8.3 failedorg.openqa.selenium.TimeoutException: Expected condition failed: waiting for element to be clickable, but the element was not found: org.openqa.selenium.NoSuchElementException: no such element: Unable to locate element: {"method":"xpath","selector":"//a[normalize-space()='Delete Account']"}.
(tried for 3 seconds with 500 milliseconds interval)
Build info: version: '4.40.0', revision: 'b3333f1'
System info: os.name: 'Windows 10', os.arch: 'amd64', os.version: '10.0', java.version: '21.0.9'
Driver info: org.openqa.selenium.chrome.ChromeDriver
Capabilities {acceptInsecureCerts: false, browserName: chrome, browserVersion: 144.0.7559.110, chrome: {chromedriverVersion: 144.0.7559.109 (6a8d5e49388..., userDataDir: C:\Users\asus\AppData\Local...}, fedcm:accounts: true, goog:chromeOptions: {debuggerAddress: localhost:52361}, goog:processID: 3292, networkConnectionEnabled: false, pageLoadStrategy: normal, platformName: windows, proxy: Proxy(), se:cdp: ws://localhost:52361/devtoo..., se:cdpVersion: 144.0.7559.110, setWindowRect: true, strictFileInteractability: false, timeouts: {implicit: 0, pageLoad: 300000, script: 30000}, unhandledPromptBehavior: dismiss and notify, webauthn:extension:credBlob: true, webauthn:extension:largeBlob: true, webauthn:extension:minPinLength: true, webauthn:extension:prf: true, webauthn:virtualAuthenticators: true}
Session ID: de18b9ae7b9eb2307c502dca98aa3442
]]></system-out>
  </testcase>
</testsuite>