<?xml version="1.0" encoding="UTF-8"?>
<testng-results ignored="0" total="3" passed="3" failed="0" skipped="0">
  <reporter-output>
  </reporter-output>
  <suite started-at="2026-02-01T11:07:34 IST" name="Default suite" finished-at="2026-02-01T11:07:58 IST" duration-ms="24196">
    <groups>
    </groups>
    <test started-at="2026-02-01T11:07:34 IST" name="Default test" finished-at="2026-02-01T11:07:58 IST" duration-ms="24196">
      <class name="TestCases.Test8">
        <test-method is-config="true" signature="openBrowser()[pri:0, instance:TestCases.Test8@510f3d34]" started-at="2026-02-01T11:07:34 IST" name="openBrowser" finished-at="2026-02-01T11:07:37 IST" duration-ms="2373" status="PASS">
          <reporter-output>
          </reporter-output>
        </test-method> <!-- openBrowser -->
        <test-method signature="login(java.lang.String,java.lang.String,java.lang.String,java.lang.String)[pri:0, instance:TestCases.Test8@510f3d34]" started-at="2026-02-01T11:07:37 IST" name="login" data-provider="data5" finished-at="2026-02-01T11:07:54 IST" duration-ms="17685" status="PASS">
          <params>
            <param index="0">
              <value>
                <![CDATA[Automation Exercise]]>
              </value>
            </param>
            <param index="1">
              <value>
                <![CDATA[Suresh]]>
              </value>
            </param>
            <param index="2">
              <value>
                <![CDATA[suresh03@gmail.com]]>
              </value>
            </param>
            <param index="3">
              <value>
                <![CDATA[Test@123]]>
              </value>
            </param>
          </params>
          <reporter-output>
          </reporter-output>
        </test-method> <!-- login -->
        <test-method signature="placeOrder(java.lang.String,java.lang.String,java.lang.String,java.lang.String,java.lang.String,java.lang.String,java.lang.String)[pri:2, instance:TestCases.Test8@510f3d34]" started-at="2026-02-01T11:07:54 IST" name="placeOrder" data-provider="data7" finished-at="2026-02-01T11:07:58 IST" duration-ms="4067" status="PASS">
          <params>
            <param index="0">
              <value>
                <![CDATA[Automation Exercise]]>
              </value>
            </param>
            <param index="1">
              <value>
                <![CDATA[Suresh Kumar]]>
              </value>
            </param>
            <param index="2">
              <value>
                <![CDATA[1234567890123456]]>
              </value>
            </param>
            <param index="3">
              <value>
                <![CDATA[321]]>
              </value>
            </param>
            <param index="4">
              <value>
                <![CDATA[12]]>
              </value>
            </param>
            <param index="5">
              <value>
                <![CDATA[2028]]>
              </value>
            </param>
            <param index="6">
              <value>
                <![CDATA[Congratulations]]>
              </value>
            </param>
          </params>
          <reporter-output>
          </reporter-output>
        </test-method> <!-- placeOrder -->
        <test-method signature="deleteAccount(java.lang.String)[pri:3, instance:TestCases.Test8@510f3d34]" started-at="2026-02-01T11:07:58 IST" name="deleteAccount" data-provider="data8" finished-at="2026-02-01T11:07:58 IST" duration-ms="27" status="PASS">
          <params>
            <param index="0">
              <value>
                <![CDATA[ACCOUNT DELETED!]]>
              </value>
            </param>
          </params>
          <reporter-output>
          </reporter-output>
        </test-method> <!-- deleteAccount -->
        <test-method is-config="true" signature="close()[pri:0, instance:TestCases.Test8@510f3d34]" started-at="2026-02-01T11:07:58 IST" name="close" finished-at="2026-02-01T11:07:58 IST" duration-ms="3" status="PASS">
          <reporter-output>
          </reporter-output>
        </test-method> <!-- close -->
      </class> <!-- TestCases.Test8 -->
    </test> <!-- Default test -->
  </suite> <!-- Default suite -->
</testng-results>
