<?xml version="1.0" encoding="UTF-8"?>
<testng-results ignored="0" total="10" passed="10" failed="0" skipped="0">
  <reporter-output>
    <line>
      <![CDATA[Testcase 1 Title Asssertion pass]]>
    </line>
    <line>
      <![CDATA[Testcase 2 Assertion passeed]]>
    </line>
    <line>
      <![CDATA[Test case 3 Create Account heading Assertion passed]]>
    </line>
    <line>
      <![CDATA[Test case 4 Account Assertion passed]]>
    </line>
    <line>
      <![CDATA[Test case 5: Product with price 1500 added to cart successfully.]]>
    </line>
    <line>
      <![CDATA[Test case 4 Account Assertion passed]]>
    </line>
    <line>
      <![CDATA[Test case 5: Product with price 1500 added to cart successfully.]]>
    </line>
    <line>
      <![CDATA[Test case 4 Account Assertion passed]]>
    </line>
    <line>
      <![CDATA[Test case 5: Product with price 1500 added to cart successfully.]]>
    </line>
    <line>
      <![CDATA[Test case 6: Order placed successfully and confirmation displayed.]]>
    </line>
  </reporter-output>
  <suite started-at="2026-01-25T13:19:18 IST" name="Suite" finished-at="2026-01-25T13:20:42 IST" duration-ms="84258">
    <groups>
    </groups>
    <test started-at="2026-01-25T13:19:18 IST" name="Test" finished-at="2026-01-25T13:20:42 IST" duration-ms="84258">
      <class name="TestCases.Test7">
        <test-method is-config="true" signature="openBrowser()[pri:0, instance:TestCases.Test7@76c3e77a]" started-at="2026-01-25T13:20:15 IST" name="openBrowser" finished-at="2026-01-25T13:20:15 IST" duration-ms="766" status="PASS">
          <reporter-output>
          </reporter-output>
        </test-method> <!-- openBrowser -->
        <test-method signature="createAccount(java.lang.String,java.lang.String,java.lang.String,java.lang.String,java.lang.String,java.lang.String,java.lang.String,java.lang.String,java.lang.String,java.lang.String,java.lang.String,java.lang.String,java.lang.String,java.lang.String,java.lang.String,java.lang.String,java.lang.String,java.lang.String)[pri:1, instance:TestCases.Test7@76c3e77a]" started-at="2026-01-25T13:20:15 IST" name="createAccount" data-provider="data4" finished-at="2026-01-25T13:20:26 IST" duration-ms="10927" status="PASS">
          <params>
            <param index="0">
              <value>
                <![CDATA[Automation Exercise]]>
              </value>
            </param>
            <param index="1">
              <value>
                <![CDATA[ACCOUNT CREATED!]]>
              </value>
            </param>
            <param index="2">
              <value>
                <![CDATA[Suresh]]>
              </value>
            </param>
            <param index="3">
              <value>
                <![CDATA[suresh8074@gmail.com]]>
              </value>
            </param>
            <param index="4">
              <value>
                <![CDATA[Test@123]]>
              </value>
            </param>
            <param index="5">
              <value>
                <![CDATA[10]]>
              </value>
            </param>
            <param index="6">
              <value>
                <![CDATA[5]]>
              </value>
            </param>
            <param index="7">
              <value>
                <![CDATA[1990]]>
              </value>
            </param>
            <param index="8">
              <value>
                <![CDATA[Suresh]]>
              </value>
            </param>
            <param index="9">
              <value>
                <![CDATA[Kumar]]>
              </value>
            </param>
            <param index="10">
              <value>
                <![CDATA[MyCompany]]>
              </value>
            </param>
            <param index="11">
              <value>
                <![CDATA[123 Main Street]]>
              </value>
            </param>
            <param index="12">
              <value>
                <![CDATA[Building 2]]>
              </value>
            </param>
            <param index="13">
              <value>
                <![CDATA[India]]>
              </value>
            </param>
            <param index="14">
              <value>
                <![CDATA[Maharashtra]]>
              </value>
            </param>
            <param index="15">
              <value>
                <![CDATA[Mumbai]]>
              </value>
            </param>
            <param index="16">
              <value>
                <![CDATA[400001]]>
              </value>
            </param>
            <param index="17">
              <value>
                <![CDATA[9876543210]]>
              </value>
            </param>
          </params>
          <reporter-output>
            <line>
              <![CDATA[Test case 4 Account Assertion passed]]>
            </line>
          </reporter-output>
        </test-method> <!-- createAccount -->
        <test-method signature="filterProductAndAddToCart(java.lang.String,java.lang.String,java.lang.String,java.lang.String)[pri:2, instance:TestCases.Test7@76c3e77a]" started-at="2026-01-25T13:20:26 IST" name="filterProductAndAddToCart" data-provider="data5" finished-at="2026-01-25T13:20:32 IST" duration-ms="5958" status="PASS">
          <params>
            <param index="0">
              <value>
                <![CDATA[Automation Exercise]]>
              </value>
            </param>
            <param index="1">
              <value>
                <![CDATA[TSHIRTS]]>
              </value>
            </param>
            <param index="2">
              <value>
                <![CDATA[1500]]>
              </value>
            </param>
            <param index="3">
              <value>
                <![CDATA[Added]]>
              </value>
            </param>
          </params>
          <reporter-output>
            <line>
              <![CDATA[Test case 5: Product with price 1500 added to cart successfully.]]>
            </line>
          </reporter-output>
        </test-method> <!-- filterProductAndAddToCart -->
        <test-method signature="placeOrder(java.lang.String,java.lang.String,java.lang.String,java.lang.String,java.lang.String,java.lang.String,java.lang.String)[pri:3, instance:TestCases.Test7@76c3e77a]" started-at="2026-01-25T13:20:32 IST" name="placeOrder" data-provider="data7" finished-at="2026-01-25T13:20:42 IST" duration-ms="9384" status="PASS">
          <params>
            <param index="0">
              <value>
                <![CDATA[Automation Exercise]]>
              </value>
            </param>
            <param index="1">
              <value>
                <![CDATA[Suresh Kumar]]>
              </value>
            </param>
            <param index="2">
              <value>
                <![CDATA[1234567890123456]]>
              </value>
            </param>
            <param index="3">
              <value>
                <![CDATA[321]]>
              </value>
            </param>
            <param index="4">
              <value>
                <![CDATA[12]]>
              </value>
            </param>
            <param index="5">
              <value>
                <![CDATA[2028]]>
              </value>
            </param>
            <param index="6">
              <value>
                <![CDATA[Congratulations]]>
              </value>
            </param>
          </params>
          <reporter-output>
            <line>
              <![CDATA[Test case 6: Order placed successfully and confirmation displayed.]]>
            </line>
          </reporter-output>
        </test-method> <!-- placeOrder -->
        <test-method is-config="true" signature="close()[pri:0, instance:TestCases.Test7@76c3e77a]" started-at="2026-01-25T13:20:42 IST" name="close" finished-at="2026-01-25T13:20:42 IST" duration-ms="111" status="PASS">
          <reporter-output>
          </reporter-output>
        </test-method> <!-- close -->
      </class> <!-- TestCases.Test7 -->
      <class name="TestCases.Test1">
        <test-method is-config="true" signature="openBrowser()[pri:0, instance:TestCases.Test1@10163d6]" started-at="2026-01-25T13:19:18 IST" name="openBrowser" finished-at="2026-01-25T13:19:19 IST" duration-ms="1125" status="PASS">
          <reporter-output>
          </reporter-output>
        </test-method> <!-- openBrowser -->
        <test-method signature="Navigate(java.lang.String,java.lang.String)[pri:0, instance:TestCases.Test1@10163d6]" started-at="2026-01-25T13:19:19 IST" name="Navigate" data-provider="data1" finished-at="2026-01-25T13:19:26 IST" duration-ms="7144" status="PASS">
          <params>
            <param index="0">
              <value>
                <![CDATA[Automation Exercise]]>
              </value>
            </param>
            <param index="1">
              <value>
                <![CDATA[Exercise]]>
              </value>
            </param>
          </params>
          <reporter-output>
            <line>
              <![CDATA[Testcase 1 Title Asssertion pass]]>
            </line>
          </reporter-output>
        </test-method> <!-- Navigate -->
        <test-method is-config="true" signature="close()[pri:0, instance:TestCases.Test1@10163d6]" started-at="2026-01-25T13:19:26 IST" name="close" finished-at="2026-01-25T13:19:26 IST" duration-ms="115" status="PASS">
          <reporter-output>
          </reporter-output>
        </test-method> <!-- close -->
      </class> <!-- TestCases.Test1 -->
      <class name="TestCases.Test2">
        <test-method is-config="true" signature="openBrowser()[pri:0, instance:TestCases.Test2@1b1426f4]" started-at="2026-01-25T13:19:26 IST" name="openBrowser" finished-at="2026-01-25T13:19:27 IST" duration-ms="692" status="PASS">
          <reporter-output>
          </reporter-output>
        </test-method> <!-- openBrowser -->
        <test-method signature="clickSignUp(java.lang.String,java.lang.String)[pri:0, instance:TestCases.Test2@1b1426f4]" started-at="2026-01-25T13:19:27 IST" name="clickSignUp" data-provider="data2" finished-at="2026-01-25T13:19:32 IST" duration-ms="5728" status="PASS">
          <params>
            <param index="0">
              <value>
                <![CDATA[Automation Exercise]]>
              </value>
            </param>
            <param index="1">
              <value>
                <![CDATA[New User Signup!]]>
              </value>
            </param>
          </params>
          <reporter-output>
            <line>
              <![CDATA[Testcase 2 Assertion passeed]]>
            </line>
          </reporter-output>
        </test-method> <!-- clickSignUp -->
        <test-method is-config="true" signature="close()[pri:0, instance:TestCases.Test2@1b1426f4]" started-at="2026-01-25T13:19:32 IST" name="close" finished-at="2026-01-25T13:19:33 IST" duration-ms="122" status="PASS">
          <reporter-output>
          </reporter-output>
        </test-method> <!-- close -->
      </class> <!-- TestCases.Test2 -->
      <class name="TestCases.Test3">
        <test-method is-config="true" signature="openBrowser()[pri:0, instance:TestCases.Test3@32b260fa]" started-at="2026-01-25T13:19:33 IST" name="openBrowser" finished-at="2026-01-25T13:19:33 IST" duration-ms="758" status="PASS">
          <reporter-output>
          </reporter-output>
        </test-method> <!-- openBrowser -->
        <test-method signature="clickSignUp(java.lang.String,java.lang.String,java.lang.String,java.lang.String)[pri:0, instance:TestCases.Test3@32b260fa]" started-at="2026-01-25T13:19:33 IST" name="clickSignUp" data-provider="data3" finished-at="2026-01-25T13:19:38 IST" duration-ms="4245" status="PASS">
          <params>
            <param index="0">
              <value>
                <![CDATA[Automation Exercise]]>
              </value>
            </param>
            <param index="1">
              <value>
                <![CDATA[ENTER ACCOUNT INFORMATION]]>
              </value>
            </param>
            <param index="2">
              <value>
                <![CDATA[Suresh]]>
              </value>
            </param>
            <param index="3">
              <value>
                <![CDATA[suresh0062@gmail.com]]>
              </value>
            </param>
          </params>
          <reporter-output>
            <line>
              <![CDATA[Test case 3 Create Account heading Assertion passed]]>
            </line>
          </reporter-output>
        </test-method> <!-- clickSignUp -->
        <test-method is-config="true" signature="close()[pri:0, instance:TestCases.Test3@32b260fa]" started-at="2026-01-25T13:19:38 IST" name="close" finished-at="2026-01-25T13:19:38 IST" duration-ms="120" status="PASS">
          <reporter-output>
          </reporter-output>
        </test-method> <!-- close -->
      </class> <!-- TestCases.Test3 -->
      <class name="TestCases.Test4">
        <test-method is-config="true" signature="openBrowser()[pri:0, instance:TestCases.Test4@581ac8a8]" started-at="2026-01-25T13:19:38 IST" name="openBrowser" finished-at="2026-01-25T13:19:38 IST" duration-ms="687" status="PASS">
          <reporter-output>
          </reporter-output>
        </test-method> <!-- openBrowser -->
        <test-method signature="createAccount(java.lang.String,java.lang.String,java.lang.String,java.lang.String,java.lang.String,java.lang.String,java.lang.String,java.lang.String,java.lang.String,java.lang.String,java.lang.String,java.lang.String,java.lang.String,java.lang.String,java.lang.String,java.lang.String,java.lang.String,java.lang.String)[pri:0, instance:TestCases.Test4@581ac8a8]" started-at="2026-01-25T13:19:38 IST" name="createAccount" data-provider="data4" finished-at="2026-01-25T13:19:50 IST" duration-ms="11523" status="PASS">
          <params>
            <param index="0">
              <value>
                <![CDATA[Automation Exercise]]>
              </value>
            </param>
            <param index="1">
              <value>
                <![CDATA[ACCOUNT CREATED!]]>
              </value>
            </param>
            <param index="2">
              <value>
                <![CDATA[Suresh]]>
              </value>
            </param>
            <param index="3">
              <value>
                <![CDATA[suresh03@gmail.com]]>
              </value>
            </param>
            <param index="4">
              <value>
                <![CDATA[Test@123]]>
              </value>
            </param>
            <param index="5">
              <value>
                <![CDATA[10]]>
              </value>
            </param>
            <param index="6">
              <value>
                <![CDATA[5]]>
              </value>
            </param>
            <param index="7">
              <value>
                <![CDATA[1990]]>
              </value>
            </param>
            <param index="8">
              <value>
                <![CDATA[Suresh]]>
              </value>
            </param>
            <param index="9">
              <value>
                <![CDATA[Kumar]]>
              </value>
            </param>
            <param index="10">
              <value>
                <![CDATA[MyCompany]]>
              </value>
            </param>
            <param index="11">
              <value>
                <![CDATA[123 Main Street]]>
              </value>
            </param>
            <param index="12">
              <value>
                <![CDATA[Building 2]]>
              </value>
            </param>
            <param index="13">
              <value>
                <![CDATA[India]]>
              </value>
            </param>
            <param index="14">
              <value>
                <![CDATA[Maharashtra]]>
              </value>
            </param>
            <param index="15">
              <value>
                <![CDATA[Mumbai]]>
              </value>
            </param>
            <param index="16">
              <value>
                <![CDATA[400001]]>
              </value>
            </param>
            <param index="17">
              <value>
                <![CDATA[9876543210]]>
              </value>
            </param>
          </params>
          <reporter-output>
            <line>
              <![CDATA[Test case 4 Account Assertion passed]]>
            </line>
          </reporter-output>
        </test-method> <!-- createAccount -->
        <test-method is-config="true" signature="close()[pri:0, instance:TestCases.Test4@581ac8a8]" started-at="2026-01-25T13:19:50 IST" name="close" finished-at="2026-01-25T13:19:50 IST" duration-ms="140" status="PASS">
          <reporter-output>
          </reporter-output>
        </test-method> <!-- close -->
      </class> <!-- TestCases.Test4 -->
      <class name="TestCases.Test5">
        <test-method is-config="true" signature="openBrowser()[pri:0, instance:TestCases.Test5@6d4e5011]" started-at="2026-01-25T13:19:50 IST" name="openBrowser" finished-at="2026-01-25T13:19:51 IST" duration-ms="678" status="PASS">
          <reporter-output>
          </reporter-output>
        </test-method> <!-- openBrowser -->
        <test-method signature="filterProductAndAddToCart(java.lang.String,java.lang.String,java.lang.String,java.lang.String)[pri:0, instance:TestCases.Test5@6d4e5011]" started-at="2026-01-25T13:19:51 IST" name="filterProductAndAddToCart" data-provider="data5" finished-at="2026-01-25T13:19:58 IST" duration-ms="7593" status="PASS">
          <params>
            <param index="0">
              <value>
                <![CDATA[Automation Exercise]]>
              </value>
            </param>
            <param index="1">
              <value>
                <![CDATA[TSHIRTS]]>
              </value>
            </param>
            <param index="2">
              <value>
                <![CDATA[1500]]>
              </value>
            </param>
            <param index="3">
              <value>
                <![CDATA[Added]]>
              </value>
            </param>
          </params>
          <reporter-output>
            <line>
              <![CDATA[Test case 5: Product with price 1500 added to cart successfully.]]>
            </line>
          </reporter-output>
        </test-method> <!-- filterProductAndAddToCart -->
        <test-method is-config="true" signature="close()[pri:0, instance:TestCases.Test5@6d4e5011]" started-at="2026-01-25T13:19:58 IST" name="close" finished-at="2026-01-25T13:19:58 IST" duration-ms="137" status="PASS">
          <reporter-output>
          </reporter-output>
        </test-method> <!-- close -->
      </class> <!-- TestCases.Test5 -->
      <class name="TestCases.Test6">
        <test-method is-config="true" signature="openBrowser()[pri:0, instance:TestCases.Test6@57d7f8ca]" started-at="2026-01-25T13:19:58 IST" name="openBrowser" finished-at="2026-01-25T13:19:59 IST" duration-ms="734" status="PASS">
          <reporter-output>
          </reporter-output>
        </test-method> <!-- openBrowser -->
        <test-method signature="createAccount(java.lang.String,java.lang.String,java.lang.String,java.lang.String,java.lang.String,java.lang.String,java.lang.String,java.lang.String,java.lang.String,java.lang.String,java.lang.String,java.lang.String,java.lang.String,java.lang.String,java.lang.String,java.lang.String,java.lang.String,java.lang.String)[pri:0, instance:TestCases.Test6@57d7f8ca]" started-at="2026-01-25T13:19:59 IST" name="createAccount" data-provider="data4" finished-at="2026-01-25T13:20:08 IST" duration-ms="8931" status="PASS">
          <params>
            <param index="0">
              <value>
                <![CDATA[Automation Exercise]]>
              </value>
            </param>
            <param index="1">
              <value>
                <![CDATA[ACCOUNT CREATED!]]>
              </value>
            </param>
            <param index="2">
              <value>
                <![CDATA[Suresh]]>
              </value>
            </param>
            <param index="3">
              <value>
                <![CDATA[suresh2004@gmail.com]]>
              </value>
            </param>
            <param index="4">
              <value>
                <![CDATA[Test@123]]>
              </value>
            </param>
            <param index="5">
              <value>
                <![CDATA[10]]>
              </value>
            </param>
            <param index="6">
              <value>
                <![CDATA[5]]>
              </value>
            </param>
            <param index="7">
              <value>
                <![CDATA[1990]]>
              </value>
            </param>
            <param index="8">
              <value>
                <![CDATA[Suresh]]>
              </value>
            </param>
            <param index="9">
              <value>
                <![CDATA[Kumar]]>
              </value>
            </param>
            <param index="10">
              <value>
                <![CDATA[MyCompany]]>
              </value>
            </param>
            <param index="11">
              <value>
                <![CDATA[123 Main Street]]>
              </value>
            </param>
            <param index="12">
              <value>
                <![CDATA[Building 2]]>
              </value>
            </param>
            <param index="13">
              <value>
                <![CDATA[India]]>
              </value>
            </param>
            <param index="14">
              <value>
                <![CDATA[Maharashtra]]>
              </value>
            </param>
            <param index="15">
              <value>
                <![CDATA[Mumbai]]>
              </value>
            </param>
            <param index="16">
              <value>
                <![CDATA[400001]]>
              </value>
            </param>
            <param index="17">
              <value>
                <![CDATA[9876543210]]>
              </value>
            </param>
          </params>
          <reporter-output>
            <line>
              <![CDATA[Test case 4 Account Assertion passed]]>
            </line>
          </reporter-output>
        </test-method> <!-- createAccount -->
        <test-method signature="filterProductAndAddToCart(java.lang.String,java.lang.String,java.lang.String,java.lang.String)[pri:0, instance:TestCases.Test6@57d7f8ca]" started-at="2026-01-25T13:20:08 IST" name="filterProductAndAddToCart" data-provider="data5" finished-at="2026-01-25T13:20:15 IST" duration-ms="6428" status="PASS">
          <params>
            <param index="0">
              <value>
                <![CDATA[Automation Exercise]]>
              </value>
            </param>
            <param index="1">
              <value>
                <![CDATA[TSHIRTS]]>
              </value>
            </param>
            <param index="2">
              <value>
                <![CDATA[1500]]>
              </value>
            </param>
            <param index="3">
              <value>
                <![CDATA[Added]]>
              </value>
            </param>
          </params>
          <reporter-output>
            <line>
              <![CDATA[Test case 5: Product with price 1500 added to cart successfully.]]>
            </line>
          </reporter-output>
        </test-method> <!-- filterProductAndAddToCart -->
        <test-method is-config="true" signature="close()[pri:0, instance:TestCases.Test6@57d7f8ca]" started-at="2026-01-25T13:20:15 IST" name="close" finished-at="2026-01-25T13:20:15 IST" duration-ms="142" status="PASS">
          <reporter-output>
          </reporter-output>
        </test-method> <!-- close -->
      </class> <!-- TestCases.Test6 -->
    </test> <!-- Test -->
  </suite> <!-- Suite -->
</testng-results>
