<?xml version="1.0" encoding="UTF-8"?>
<!-- Generated by org.testng.reporters.JUnitReportReporter -->
<testsuite hostname="LAPTOP-2EK7F0DN" failures="0" tests="3" name="TestCases.Test7" time="26.269" errors="0" timestamp="2026-01-25T13:20:42 IST" skipped="0">
  <testcase classname="TestCases.Test7" name="createAccount" time="10.927">
    <system-out>
      <![CDATA[Test case 4 Account Assertion passed]]>
    </system-out>
  </testcase> <!-- createAccount -->
  <testcase classname="TestCases.Test7" name="filterProductAndAddToCart" time="5.958">
    <system-out>
      <![CDATA[Test case 5: Product with price 1500 added to cart successfully.]]>
    </system-out>
  </testcase> <!-- filterProductAndAddToCart -->
  <testcase classname="TestCases.Test7" name="placeOrder" time="9.384">
    <system-out>
      <![CDATA[Test case 6: Order placed successfully and confirmation displayed.]]>
    </system-out>
  </testcase> <!-- placeOrder -->
  <system-out>
    <![CDATA[Testcase 1 Title Asssertion pass
Testcase 2 Assertion passeed
Test case 3 Create Account heading Assertion passed
Test case 4 Account Assertion passed
Test case 5: Product with price 1500 added to cart successfully.
Test case 4 Account Assertion passed
Test case 5: Product with price 1500 added to cart successfully.
Test case 4 Account Assertion passed
Test case 5: Product with price 1500 added to cart successfully.
Test case 6: Order placed successfully and confirmation displayed.]]>
  </system-out>
</testsuite> <!-- TestCases.Test7 -->
