<?xml version="1.0" encoding="UTF-8"?>
<!-- Generated by org.testng.reporters.JUnitReportReporter -->
<testsuite hostname="LAPTOP-2EK7F0DN" failures="0" tests="1" name="TestCases.Test5" time="47.961" errors="0" timestamp="2026-01-31T22:55:53 IST" skipped="0">
  <testcase classname="TestCases.Test5" name="login" time="47.961">
    <system-out>
      <![CDATA[Test case 5 Login Assertion passed]]>
    </system-out>
  </testcase> <!-- login -->
  <system-out>
    <![CDATA[Test case 5 Login Assertion passed]]>
  </system-out>
</testsuite> <!-- TestCases.Test5 -->
