<?xml version="1.0" encoding="UTF-8"?>
<!-- Generated by org.testng.reporters.JUnitReportReporter -->
<testsuite hostname="LAPTOP-2EK7F0DN" failures="0" tests="1" name="TestCases.Test4" time="10.894" errors="0" timestamp="2026-01-31T23:17:32 IST" skipped="0">
  <testcase classname="TestCases.Test4" name="createAccount" time="10.894">
    <system-out>
      <![CDATA[Test case 4 Account Assertion passed]]>
    </system-out>
  </testcase> <!-- createAccount -->
  <system-out>
    <![CDATA[Test case 4 Account Assertion passed]]>
  </system-out>
</testsuite> <!-- TestCases.Test4 -->
