<?xml version="1.0" encoding="UTF-8"?>
<!-- Generated by org.testng.reporters.JUnitReportReporter -->
<testsuite hostname="LAPTOP-2EK7F0DN" failures="0" tests="2" name="TestCases.Test7" time="22.357" errors="0" timestamp="2026-01-31T18:25:19 IST" skipped="0">
  <testcase classname="TestCases.Test7" name="login" time="11.323">
    <system-out>
      <![CDATA[Test case 5 Login Assertion passed]]>
    </system-out>
  </testcase> <!-- login -->
  <testcase classname="TestCases.Test7" name="filterProductAndAddToCart" time="11.034">
    <system-out>
      <![CDATA[Test case 5: Product with price 1500 added to cart successfully.]]>
    </system-out>
  </testcase> <!-- filterProductAndAddToCart -->
  <system-out>
    <![CDATA[Test case 5 Login Assertion passed
Test case 5: Product with price 1500 added to cart successfully.]]>
  </system-out>
</testsuite> <!-- TestCases.Test7 -->
