<?xml version="1.0" encoding="UTF-8"?>
<!-- Generated by org.testng.reporters.JUnitReportReporter -->
<testsuite hostname="LAPTOP-2EK7F0DN" failures="0" tests="1" name="TestCases.Test6" time="77.520" errors="0" timestamp="2026-01-31T23:25:32 IST" skipped="0">
  <testcase classname="TestCases.Test6" name="filterProductAndAddToCart" time="77.520">
    <system-out>
      <![CDATA[Test case 5: Product with price 1500 added to cart successfully.]]>
    </system-out>
  </testcase> <!-- filterProductAndAddToCart -->
  <system-out>
    <![CDATA[Test case 5: Product with price 1500 added to cart successfully.]]>
  </system-out>
</testsuite> <!-- TestCases.Test6 -->
