<?xml version="1.0" encoding="UTF-8"?>
<!-- Generated by org.testng.reporters.JUnitReportReporter -->
<testsuite hostname="LAPTOP-2EK7F0DN" failures="0" tests="1" name="TestCases.Test2" time="6.542" errors="0" timestamp="2026-01-25T13:20:42 IST" skipped="0">
  <testcase classname="TestCases.Test2" name="clickSignUp" time="6.542">
    <system-out>
      <![CDATA[Testcase 2 Assertion passeed]]>
    </system-out>
  </testcase> <!-- clickSignUp -->
  <system-out>
    <![CDATA[Testcase 1 Title Asssertion pass
Testcase 2 Assertion passeed
Test case 3 Create Account heading Assertion passed
Test case 4 Account Assertion passed
Test case 5: Product with price 1500 added to cart successfully.
Test case 4 Account Assertion passed
Test case 5: Product with price 1500 added to cart successfully.
Test case 4 Account Assertion passed
Test case 5: Product with price 1500 added to cart successfully.
Test case 6: Order placed successfully and confirmation displayed.]]>
  </system-out>
</testsuite> <!-- TestCases.Test2 -->
