<?xml version="1.0" encoding="UTF-8"?>
<!-- Generated by org.testng.reporters.JUnitReportReporter -->
<testsuite hostname="LAPTOP-2EK7F0DN" failures="0" tests="1" name="TestCases.Test4" time="11.838" errors="0" timestamp="2026-02-01T11:11:57 IST" skipped="0">
  <testcase classname="TestCases.Test4" name="createAccount" time="11.838">
    <system-out>
      <![CDATA[Test case 4 Account Assertion passed]]>
    </system-out>
  </testcase> <!-- createAccount -->
  <system-out>
    <![CDATA[Testcase 1 Title Asssertion pass
Testcase 2 Assertion passeed
Test case 3 Create Account heading Assertion passed
Test case 4 Account Assertion passed
Test case 5 Login Assertion passed
Test case 5: Product with price 1500 added to cart successfully.
Test case 5 Login Assertion passed
Test case 5: Product with price 1500 added to cart successfully.
Test case 8.1 Login Assertion passed
Test case 8.2: Order placed successfully and confirmation displayed.
Test case 8.3: Account Deleted]]>
  </system-out>
</testsuite> <!-- TestCases.Test4 -->
