<?xml version="1.0" encoding="UTF-8"?>
<!-- Generated by org.testng.reporters.JUnitReportReporter -->
<testsuite hostname="LAPTOP-2EK7F0DN" failures="0" tests="3" name="TestCases.Test8" time="14.772" errors="0" timestamp="2026-01-31T16:05:01 IST" skipped="0">
  <testcase classname="TestCases.Test8" name="login" time="7.901"/>
  <testcase classname="TestCases.Test8" name="placeOrder" time="3.726"/>
  <testcase classname="TestCases.Test8" name="deleteAccount" time="3.145"/>
  <system-out>
    <![CDATA[Testcase 1 Title Asssertion pass
Testcase 2 Assertion passeed
Test case 3 Create Account heading Assertion passed
Test case 5: Product with price 1500 added to cart successfully.
Test case 5: Product with price 1500 added to cart successfully.]]>
  </system-out>
</testsuite> <!-- TestCases.Test8 -->
