<?xml version="1.0" encoding="UTF-8"?>
<!-- Generated by org.testng.reporters.JUnitReportReporter -->
<testsuite hostname="LAPTOP-2EK7F0DN" failures="0" tests="1" name="TestCases.Test1" time="4.496" errors="0" timestamp="2026-01-31T16:05:01 IST" skipped="0">
  <testcase classname="TestCases.Test1" name="Navigate" time="4.496">
    <system-out>
      <![CDATA[Testcase 1 Title Asssertion pass]]>
    </system-out>
  </testcase> <!-- Navigate -->
  <system-out>
    <![CDATA[Testcase 1 Title Asssertion pass
Testcase 2 Assertion passeed
Test case 3 Create Account heading Assertion passed
Test case 5: Product with price 1500 added to cart successfully.
Test case 5: Product with price 1500 added to cart successfully.]]>
  </system-out>
</testsuite> <!-- TestCases.Test1 -->
