<?xml version="1.0" encoding="UTF-8"?>
<!-- Generated by org.testng.reporters.JUnitReportReporter -->
<testsuite hostname="LAPTOP-2EK7F0DN" failures="0" tests="2" name="TestCases.Test7" time="10.111" errors="0" timestamp="2026-01-31T16:05:01 IST" skipped="0">
  <testcase classname="TestCases.Test7" name="login" time="6.493"/>
  <testcase classname="TestCases.Test7" name="filterProductAndAddToCart" time="3.618">
    <system-out>
      <![CDATA[Test case 5: Product with price 1500 added to cart successfully.]]>
    </system-out>
  </testcase> <!-- filterProductAndAddToCart -->
  <system-out>
    <![CDATA[Testcase 1 Title Asssertion pass
Testcase 2 Assertion passeed
Test case 3 Create Account heading Assertion passed
Test case 5: Product with price 1500 added to cart successfully.
Test case 5: Product with price 1500 added to cart successfully.]]>
  </system-out>
</testsuite> <!-- TestCases.Test7 -->
